[1;33m==============================================
Monitorización del Servidor - 2024-11-18_15:14:37
Fecha y Hora: lun 18 nov 2024 15:14:37 CET
==============================================[0m

[1;33m==============================================
 -- Uso de CPU -- 
==============================================[0m
  Usuario (us): 10,0%
  Sistema (sy): 10,0%
  Prioridad (ni): 0,0%
  Inactivo (id): 0,0%
  Esperando I/O (wa): 0,0%
  Interrupción hardware (hi): 10,0%
  Interrupción software (si): 0,0%
  Steal (st): %


[1;33m==============================================
 -- Uso de Memoria -- 
==============================================[0m
  Memoria Física
  MiB Mem :   3916,9 total,   1097,3 libre,   1152,2 usado,   1667,3 búfer/caché

  Memoria Swap
  MiB Intercambio:   3898,0 total,   3898,0 libre,      0,0 usado.   2466,4 dispon Mem 

[1;33m==============================================
 -- 5 Procesos que más CPU consumen -- 
==============================================[0m
   PID - %CPU - COMMAND
   1404  9.3 gnome-shell
   3586  0.2 sublime_text
   9069  0.1 kworker/u2:1-events_power_efficient
      1  0.0 systemd
      2  0.0 kthreadd

[1;33m==============================================
 -- 5 Procesos que más memoria consumen -- 
==============================================[0m
   PID - %MEM - COMMAND
   1404 11.6 gnome-shell
   2153  4.7 snap-store
   3586  3.2 sublime_text
   2276  2.0 gsd-xsettings
   2331  1.7 gjs

[1;33m==============================================
 -- Uso de Espacio en Discos -- 
==============================================[0m
  Partición: tmpfs
  Tamaño:392M - Usado:1,6M - Libre:391M - Uso:1% - Montado en:/run

  Partición: /dev/sda3
  Tamaño:59G - Usado:14G - Libre:42G - Uso:26% - Montado en:/

  Partición: tmpfs
  Tamaño:2,0G - Usado:432K - Libre:2,0G - Uso:1% - Montado en:/dev/shm

  Partición: tmpfs
  Tamaño:5,0M - Usado:4,0K - Libre:5,0M - Uso:1% - Montado en:/run/lock

  Partición: /dev/sda2
  Tamaño:512M - Usado:6,1M - Libre:506M - Uso:2% - Montado en:/boot/efi

  Partición: tmpfs
  Tamaño:392M - Usado:128K - Libre:392M - Uso:1% - Montado en:/run/user/1000

[1;33m==============================================
Estado de todos los servicios del sistema:
==============================================[0m
  UNIT                                                  LOAD   ACTIVE SUB     DESCRIPTION
  accounts-daemon.service                               loaded active running Accounts Service
  acpid.service                                         loaded active running ACPI event daemon
  alsa-restore.service                                  loaded active exited  Save/Restore Sound Card State
  apparmor.service                                      loaded active exited  Load AppArmor profiles
  apport.service                                        loaded active exited  LSB: automatic crash report generation
  avahi-daemon.service                                  loaded active running Avahi mDNS/DNS-SD Stack
  colord.service                                        loaded active running Manage, Install and Generate Color Profiles
  console-setup.service                                 loaded active exited  Set console font and keymap
  cron.service                                          loaded active running Regular background program processing daemon
  cups-browsed.service                                  loaded active running Make remote CUPS printers available locally
  cups.service                                          loaded active running CUPS Scheduler
  dbus.service                                          loaded active running D-Bus System Message Bus
  fwupd.service                                         loaded active running Firmware update daemon
  gdm.service                                           loaded active running GNOME Display Manager
  kerneloops.service                                    loaded active running Tool to automatically collect and submit kernel crash signatures
  keyboard-setup.service                                loaded active exited  Set the console keyboard layout
  kmod-static-nodes.service                             loaded active exited  Create List of Static Device Nodes
  ModemManager.service                                  loaded active running Modem Manager
  networkd-dispatcher.service                           loaded active running Dispatcher daemon for systemd-networkd
  NetworkManager-wait-online.service                    loaded active exited  Network Manager Wait Online
  NetworkManager.service                                loaded active running Network Manager
  nscd.service                                          loaded active running Name Service Cache Daemon
  nslcd.service                                         loaded active running LSB: LDAP connection daemon
  openvpn.service                                       loaded active exited  OpenVPN service
  packagekit.service                                    loaded active running PackageKit Daemon
  plymouth-quit-wait.service                            loaded active exited  Hold until boot process finishes up
  plymouth-read-write.service                           loaded active exited  Tell Plymouth To Write Out Runtime Data
  plymouth-start.service                                loaded active exited  Show Plymouth Boot Screen
  polkit.service                                        loaded active running Authorization Manager
  power-profiles-daemon.service                         loaded active running Power Profiles daemon
  rsyslog.service                                       loaded active running System Logging Service
  rtkit-daemon.service                                  loaded active running RealtimeKit Scheduling Policy Service
  setvtrgb.service                                      loaded active exited  Set console scheme
  slapd.service                                         loaded active running LSB: OpenLDAP standalone server (Lightweight Directory Access Protocol)
  snapd.apparmor.service                                loaded active exited  Load AppArmor profiles managed internally by snapd
  snapd.seeded.service                                  loaded active exited  Wait until snapd is fully seeded
  snapd.service                                         loaded active running Snap Daemon
  switcheroo-control.service                            loaded active running Switcheroo Control Proxy service
  systemd-binfmt.service                                loaded active exited  Set Up Additional Binary Formats
  systemd-fsck@dev-disk-by\x2duuid-D806\x2d010B.service loaded active exited  File System Check on /dev/disk/by-uuid/D806-010B
  systemd-journal-flush.service                         loaded active exited  Flush Journal to Persistent Storage
  systemd-journald.service                              loaded active running Journal Service
  systemd-logind.service                                loaded active running User Login Management
  systemd-modules-load.service                          loaded active exited  Load Kernel Modules
  systemd-oomd.service                                  loaded active running Userspace Out-Of-Memory (OOM) Killer
  systemd-random-seed.service                           loaded active exited  Load/Save Random Seed
  systemd-remount-fs.service                            loaded active exited  Remount Root and Kernel File Systems
  systemd-resolved.service                              loaded active running Network Name Resolution
  systemd-sysctl.service                                loaded active exited  Apply Kernel Variables
  systemd-sysusers.service                              loaded active exited  Create System Users
  systemd-timesyncd.service                             loaded active running Network Time Synchronization
  systemd-tmpfiles-setup-dev.service                    loaded active exited  Create Static Device Nodes in /dev
  systemd-tmpfiles-setup.service                        loaded active exited  Create Volatile Files and Directories
  systemd-udev-trigger.service                          loaded active exited  Coldplug All udev Devices
  systemd-udevd.service                                 loaded active running Rule-based Manager for Device Events and Files
  systemd-update-utmp.service                           loaded active exited  Record System Boot/Shutdown in UTMP
  systemd-user-sessions.service                         loaded active exited  Permit User Sessions
  udisks2.service                                       loaded active running Disk Manager
  ufw.service                                           loaded active exited  Uncomplicated firewall
  unattended-upgrades.service                           loaded active running Unattended Upgrades Shutdown
  upower.service                                        loaded active running Daemon for power management
  user-runtime-dir@1000.service                         loaded active exited  User Runtime Directory /run/user/1000
  user@1000.service                                     loaded active running User Manager for UID 1000
  vboxadd-service.service                               loaded active running vboxadd-service.service
  vboxadd.service                                       loaded active exited  vboxadd.service
  wpa_supplicant.service                                loaded active running WPA supplicant

LOAD   = Reflects whether the unit definition was properly loaded.
ACTIVE = The high-level unit activation state, i.e. generalization of SUB.
SUB    = The low-level unit activation state, values depend on unit type.
66 loaded units listed. Pass --all to see loaded but inactive units, too.
To show all installed unit files use 'systemctl list-unit-files'.

[1;33m==== Iniciando búsqueda de logs en 'syslog' ====[0m
== Buscando [1;31m'error'[1;33m logs en [1;31m'syslog'[0m ==
Nov 17 19:15:55 ruben-OpenLDAP kernel: [    0.835861] RAS: Correctable Errors collector initialized.
Nov 17 19:15:55 ruben-OpenLDAP systemd[1]: Condition check resulted in Process error reports when automatic reporting is enabled (file watch) being skipped.
Nov 17 19:15:55 ruben-OpenLDAP systemd[1]: Condition check resulted in Process error reports when automatic reporting is enabled (timer based) being skipped.
Nov 17 19:15:55 ruben-OpenLDAP kernel: [    2.998531] vmwgfx 0000:00:02.0: [drm] *ERROR* vmwgfx seems to be running on an unsupported hypervisor.
Nov 17 19:15:55 ruben-OpenLDAP kernel: [    2.998532] vmwgfx 0000:00:02.0: [drm] *ERROR* This configuration is likely broken.
Nov 17 19:15:55 ruben-OpenLDAP kernel: [    2.998533] vmwgfx 0000:00:02.0: [drm] *ERROR* Please switch to a supported graphics device to avoid problems.
[1;33m== Fin de 'error' logs en 'syslog' ==
[0m
== Buscando [1;31m'fail'[1;33m logs en [1;31m'syslog'[0m ==
Nov 17 19:15:55 ruben-OpenLDAP systemd-sysusers[221]: Failed to check if group sync already exists: Transport endpoint is not connected
Nov 17 19:15:55 ruben-OpenLDAP systemd-sysusers[221]: Failed to check if group nobody already exists: Transport endpoint is not connected
Nov 17 19:15:55 ruben-OpenLDAP kernel: [    0.262630] ACPI: _OSC evaluation for CPUs failed, trying _PDC
Nov 17 19:15:55 ruben-OpenLDAP kernel: [    0.289143] acpi PNP0A03:00: fail to add MMCONFIG information, can't access extended configuration space under this bridge
Nov 17 19:15:55 ruben-OpenLDAP systemd-udevd[265]: sda: Process '/usr/bin/unshare -m /usr/bin/snap auto-import --mount=/dev/sda' failed with exit code 1.
Nov 17 19:15:55 ruben-OpenLDAP systemd-udevd[262]: sr0: Process '/usr/bin/unshare -m /usr/bin/snap auto-import --mount=/dev/sr0' failed with exit code 1.
Nov 17 19:15:55 ruben-OpenLDAP systemd-udevd[262]: sda1: Process '/usr/bin/unshare -m /usr/bin/snap auto-import --mount=/dev/sda1' failed with exit code 1.
Nov 17 19:15:55 ruben-OpenLDAP systemd-udevd[256]: sda2: Process '/usr/bin/unshare -m /usr/bin/snap auto-import --mount=/dev/sda2' failed with exit code 1.
Nov 17 19:15:55 ruben-OpenLDAP systemd-udevd[265]: sda3: Process '/usr/bin/unshare -m /usr/bin/snap auto-import --mount=/dev/sda3' failed with exit code 1.
Nov 17 19:15:53 ruben-OpenLDAP systemd[1]: Starting GRUB failed boot detection...
Nov 17 19:15:53 ruben-OpenLDAP systemd[1]: Finished GRUB failed boot detection.
Nov 17 19:15:55 ruben-OpenLDAP kernel: [    5.789345] vboxguest: module verification failed: signature and/or required key missing - tainting kernel
[1;33m== Fin de 'fail' logs en 'syslog' ==
[0m
== Buscando [1;31m'warn'[1;33m logs en [1;31m'syslog'[0m ==
Nov 17 19:15:55 ruben-OpenLDAP kernel: [    0.062268] RETBleed: WARNING: Spectre v2 mitigation leaves CPU vulnerable to RETBleed attacks, data leaks possible!
Nov 17 19:15:55 ruben-OpenLDAP kernel: [    5.962815] WARNING: CPU: 0 PID: 266 at kernel/rcu/tree_plugin.h:734 rcu_sched_clock_irq+0x3ad/0x3c0
Nov 17 19:15:55 ruben-OpenLDAP kernel: [    5.962881]  ? __warn+0x89/0x160
[1;33m== Fin de 'warn' logs en 'syslog' ==
[0m
[1;33m==== Fin de la búsqueda de logs críticos en 'syslog' ====
[0m
[1;33m==== Iniciando búsqueda de logs en 'auth.log' ====[0m
[1;31mNo se encontraron logs para las palabras clave en 'auth.log'.[0m
[1;33m==== Fin de la búsqueda de logs críticos en 'auth.log' ====
[0m
[1;33m==== Iniciando búsqueda de logs en 'dmesg' ====[0m
== Buscando [1;31m'error'[1;33m logs en [1;31m'dmesg'[0m ==
[    2.102146] kernel: RAS: Correctable Errors collector initialized.
[    4.606949] kernel: vmwgfx 0000:00:02.0: [drm] *ERROR* vmwgfx seems to be running on an unsupported hypervisor.
[    4.606950] kernel: vmwgfx 0000:00:02.0: [drm] *ERROR* This configuration is likely broken.
[    4.606951] kernel: vmwgfx 0000:00:02.0: [drm] *ERROR* Please switch to a supported graphics device to avoid problems.
[1;33m== Fin de 'error' logs en 'dmesg' ==
[0m
== Buscando [1;31m'fail'[1;33m logs en [1;31m'dmesg'[0m ==
[    0.524485] kernel: ACPI: _OSC evaluation for CPUs failed, trying _PDC
[    7.630112] kernel: vboxguest: module verification failed: signature and/or required key missing - tainting kernel
[1;33m== Fin de 'fail' logs en 'dmesg' ==
[0m
== Buscando [1;31m'warn'[1;33m logs en [1;31m'dmesg'[0m ==
[    0.406512] kernel: Speculative Return Stack Overflow: WARNING: See https://kernel.org/doc/html/latest/admin-guide/hw-vuln/srso.html for mitigation options.
[    7.817556] kernel: WARNING: CPU: 0 PID: 256 at kernel/rcu/tree_plugin.h:734 rcu_sched_clock_irq+0x3ad/0x3c0
[    7.817613] kernel:  ? __warn+0x89/0x160
[1;33m== Fin de 'warn' logs en 'dmesg' ==
[0m
[1;33m==== Fin de la búsqueda de logs críticos en 'dmesg' ====
[0m
[1;31mEl archivo '/var/log/messages' no existe o no se puede acceder.[0m
[1;31mEl archivo '/var/log/ufw.log' no existe o no se puede acceder.[0m
[1;31mEl archivo '/var/log/daemon.log' no existe o no se puede acceder.[0m
